<?xml version="1.0" encoding="UTF-8"?>
<!-- Generated by org.testng.reporters.JUnitReportReporter -->
<testsuite hostname="DESKTOP-DF54HEM" failures="0" tests="8" name="myTest" time="1.151" errors="0" timestamp="2024-10-28T21:43:17 AST" skipped="5">
  <testcase classname="myTest" name="CheckDepatDate" time="0.053"/>
  <system-out/>
  <testcase classname="myTest" name="CheckReturnDate" time="0.072"/>
  <system-out/>
  <testcase classname="myTest" name="RandomlyChangeTheLanguage" time="1.026"/>
  <system-out/>
  <testcase classname="myTest" name="CheckTheEnglishLanguage">
    <skipped/>
  </testcase> <!-- CheckTheEnglishLanguage -->
  <system-out/>
  <testcase classname="myTest" name="CheckNumber">
    <skipped/>
  </testcase> <!-- CheckNumber -->
  <system-out/>
  <testcase classname="myTest" name="CheckSearch">
    <skipped/>
  </testcase> <!-- CheckSearch -->
  <system-out/>
  <testcase classname="myTest" name="CheckQitafLogo">
    <skipped/>
  </testcase> <!-- CheckQitafLogo -->
  <system-out/>
  <testcase classname="myTest" name="CheckCurrncy">
    <skipped/>
  </testcase> <!-- CheckCurrncy -->
  <system-out/>
</testsuite> <!-- myTest -->
